5213314482419:ENCOLADO ans_ee634d5c-357b-487d-a6ea-a3a247ed9fba
EJECUTANDO:ans_ee634d5c-357b-487d-a6ea-a3a247ed9fba
5213314482419:SUCCESS
5213314482419:ENCOLADO ans_ee634d5c-357b-487d-a6ea-a3a247ed9fba
EJECUTANDO:ans_ee634d5c-357b-487d-a6ea-a3a247ed9fba
5213314482419:SUCCESS
5213314482419:ENCOLADO ans_ee634d5c-357b-487d-a6ea-a3a247ed9fba
EJECUTANDO:ans_ee634d5c-357b-487d-a6ea-a3a247ed9fba
5213314482419:SUCCESS
5213314482419:ENCOLADO ans_ee634d5c-357b-487d-a6ea-a3a247ed9fba
EJECUTANDO:ans_ee634d5c-357b-487d-a6ea-a3a247ed9fba
5213314482419:SUCCESS
5213314482419:ENCOLADO ans_01922a6e-be0c-4ba2-bcdc-388c06ccfb88
EJECUTANDO:ans_01922a6e-be0c-4ba2-bcdc-388c06ccfb88
5213314482419:SUCCESS
5213314482419:ENCOLADO ans_8f634f1f-fdb8-4b61-abf2-c822507c1d38
EJECUTANDO:ans_8f634f1f-fdb8-4b61-abf2-c822507c1d38
5213314482419:SUCCESS
5213314482419:ENCOLADO ans_d1ee71c8-953f-40b7-86f8-0d4ad8c76657
EJECUTANDO:ans_d1ee71c8-953f-40b7-86f8-0d4ad8c76657
5213314482419:SUCCESS
5213314482419:ENCOLADO ans_ee634d5c-357b-487d-a6ea-a3a247ed9fba
EJECUTANDO:ans_ee634d5c-357b-487d-a6ea-a3a247ed9fba
5213314482419:SUCCESS
5213314482419:ENCOLADO ans_ee634d5c-357b-487d-a6ea-a3a247ed9fba
EJECUTANDO:ans_ee634d5c-357b-487d-a6ea-a3a247ed9fba
5213314482419:SUCCESS
5213314482419:ENCOLADO ans_ee634d5c-357b-487d-a6ea-a3a247ed9fba
EJECUTANDO:ans_ee634d5c-357b-487d-a6ea-a3a247ed9fba
5213314482419:SUCCESS
5213314482419:ENCOLADO ans_ee634d5c-357b-487d-a6ea-a3a247ed9fba
EJECUTANDO:ans_ee634d5c-357b-487d-a6ea-a3a247ed9fba
5213314482419:SUCCESS
5213314482419:ENCOLADO ans_8f634f1f-fdb8-4b61-abf2-c822507c1d38
EJECUTANDO:ans_8f634f1f-fdb8-4b61-abf2-c822507c1d38
5213314482419:SUCCESS
5213314482419:ENCOLADO ans_d1ee71c8-953f-40b7-86f8-0d4ad8c76657
EJECUTANDO:ans_d1ee71c8-953f-40b7-86f8-0d4ad8c76657
5213314482419:SUCCESS
5213314482419:ENCOLADO ans_ee634d5c-357b-487d-a6ea-a3a247ed9fba
EJECUTANDO:ans_ee634d5c-357b-487d-a6ea-a3a247ed9fba
5213314482419:SUCCESS
5213314482419:ENCOLADO ans_ee634d5c-357b-487d-a6ea-a3a247ed9fba
EJECUTANDO:ans_ee634d5c-357b-487d-a6ea-a3a247ed9fba
5213314482419:SUCCESS
5213314482419:ENCOLADO ans_ee634d5c-357b-487d-a6ea-a3a247ed9fba
EJECUTANDO:ans_ee634d5c-357b-487d-a6ea-a3a247ed9fba
5213314482419:SUCCESS
5213314482419:ENCOLADO ans_01922a6e-be0c-4ba2-bcdc-388c06ccfb88
EJECUTANDO:ans_01922a6e-be0c-4ba2-bcdc-388c06ccfb88
5213314482419:SUCCESS
5213314482419:ENCOLADO ans_8f634f1f-fdb8-4b61-abf2-c822507c1d38
EJECUTANDO:ans_8f634f1f-fdb8-4b61-abf2-c822507c1d38
5213314482419:SUCCESS
5213314482419:ENCOLADO ans_d1ee71c8-953f-40b7-86f8-0d4ad8c76657
EJECUTANDO:ans_d1ee71c8-953f-40b7-86f8-0d4ad8c76657
5213314482419:SUCCESS
